<?xml version="1.0" encoding="UTF-8"?>
<!-- Generated by org.testng.reporters.JUnitXMLReporter -->
<testsuite ignored="2" hostname="DESKTOP-BLUPVJO" failures="0" tests="2" name="Test" time="67.023" errors="0" timestamp="2023-12-17T18:58:57 IST">
  <testcase classname="com.amazon.in_Test.SignIn_Test" name="LoginClass" time="10.466"/>
  <testcase classname="com.amazon.in_Test.Add_to_Cart_Test" name="AddToCart" time="28.722"/>
  <testcase classname="com.amazon.in_Utility.BaseClass" name="@BeforeSuite suiterun" time="0.0">
    <ignored/>
  </testcase> <!-- @BeforeSuite suiterun -->
  <testcase classname="com.amazon.in_Utility.BaseClass" name="@AfterSuite suiteEnd" time="0.0">
    <ignored/>
  </testcase> <!-- @AfterSuite suiteEnd -->
</testsuite> <!-- Test -->
